<?xml version="1.0" encoding="UTF-8"?>
<!-- Generated by org.testng.reporters.JUnitReportReporter -->
<testsuite skipped="0" hostname="DESKTOP-0CQ8PV8" name="com.urbanladder.runner.TestRunner" tests="22" failures="0" timestamp="2021-09-27T12:37:39 IST" time="108.075" errors="1">
  <testcase name="endSuite" time="2.998" classname="com.urbanladder.runner.TestRunner">
    <error type="java.lang.NullPointerException">
      <![CDATA[java.lang.NullPointerException
at javax.activation.FileDataSource.getName(FileDataSource.java:139)
at javax.mail.internet.MimeBodyPart.attachFile(MimeBodyPart.java:841)
at com.urbanladder.utility.SendEmail.sendMail(SendEmail.java:85)
at com.urbanladder.runner.TestRunner.endSuite(TestRunner.java:213)
at sun.reflect.NativeMethodAccessorImpl.invoke0(Native Method)
at sun.reflect.NativeMethodAccessorImpl.invoke(NativeMethodAccessorImpl.java:62)
at sun.reflect.DelegatingMethodAccessorImpl.invoke(DelegatingMethodAccessorImpl.java:43)
at java.lang.reflect.Method.invoke(Method.java:498)
at org.testng.internal.MethodInvocationHelper.invokeMethod(MethodInvocationHelper.java:133)
at org.testng.internal.MethodInvocationHelper.invokeMethodConsideringTimeout(MethodInvocationHelper.java:62)
at org.testng.internal.ConfigInvoker.invokeConfigurationMethod(ConfigInvoker.java:385)
at org.testng.internal.ConfigInvoker.invokeConfigurations(ConfigInvoker.java:321)
at org.testng.SuiteRunner.privateRun(SuiteRunner.java:344)
at org.testng.SuiteRunner.run(SuiteRunner.java:276)
at org.testng.SuiteRunnerWorker.runSuite(SuiteRunnerWorker.java:53)
at org.testng.SuiteRunnerWorker.run(SuiteRunnerWorker.java:96)
at org.testng.TestNG.runSuitesSequentially(TestNG.java:1212)
at org.testng.TestNG.runSuitesLocally(TestNG.java:1134)
at org.testng.TestNG.runSuites(TestNG.java:1063)
at org.testng.TestNG.run(TestNG.java:1031)
at org.testng.remote.AbstractRemoteTestNG.run(AbstractRemoteTestNG.java:115)
at org.testng.remote.RemoteTestNG.initAndRun(RemoteTestNG.java:251)
at org.testng.remote.RemoteTestNG.main(RemoteTestNG.java:77)
]]>
    </error>
  </testcase> <!-- endSuite -->
  <system-out/>
  <testcase name="signUp" time="3.480" classname="com.urbanladder.runner.TestRunner"/>
  <system-out/>
  <testcase name="login" time="3.505" classname="com.urbanladder.runner.TestRunner"/>
  <system-out/>
  <testcase name="help" time="0.728" classname="com.urbanladder.runner.TestRunner"/>
  <system-out/>
  <testcase name="sale" time="3.374" classname="com.urbanladder.runner.TestRunner"/>
  <system-out/>
  <testcase name="living" time="3.277" classname="com.urbanladder.runner.TestRunner"/>
  <system-out/>
  <testcase name="bedroom" time="3.395" classname="com.urbanladder.runner.TestRunner"/>
  <system-out/>
  <testcase name="searchProduct" time="3.891" classname="com.urbanladder.runner.TestRunner"/>
  <system-out/>
  <testcase name="searchProduct" time="3.711" classname="com.urbanladder.runner.TestRunner"/>
  <system-out/>
  <testcase name="searchProduct" time="2.956" classname="com.urbanladder.runner.TestRunner"/>
  <system-out/>
  <testcase name="searchProduct" time="2.937" classname="com.urbanladder.runner.TestRunner"/>
  <system-out/>
  <testcase name="selectProduct" time="5.159" classname="com.urbanladder.runner.TestRunner"/>
  <system-out/>
  <testcase name="addToCart" time="4.367" classname="com.urbanladder.runner.TestRunner"/>
  <system-out/>
  <testcase name="checkout" time="3.305" classname="com.urbanladder.runner.TestRunner"/>
  <system-out/>
  <testcase name="stores" time="15.484" classname="com.urbanladder.runner.TestRunner"/>
  <system-out/>
  <testcase name="giftCards" time="2.152" classname="com.urbanladder.runner.TestRunner"/>
  <system-out/>
  <testcase name="socialMedia" time="11.196" classname="com.urbanladder.runner.TestRunner"/>
  <system-out/>
  <testcase name="socialMedia" time="5.273" classname="com.urbanladder.runner.TestRunner"/>
  <system-out/>
  <testcase name="socialMedia" time="7.472" classname="com.urbanladder.runner.TestRunner"/>
  <system-out/>
  <testcase name="socialMedia" time="5.288" classname="com.urbanladder.runner.TestRunner"/>
  <system-out/>
  <testcase name="socialMedia" time="5.308" classname="com.urbanladder.runner.TestRunner"/>
  <system-out/>
  <testcase name="socialMedia" time="8.819" classname="com.urbanladder.runner.TestRunner"/>
  <system-out/>
</testsuite> <!-- com.urbanladder.runner.TestRunner -->
