<?xml version="1.0" encoding="UTF-8"?>
<!-- Generated by org.testng.reporters.JUnitReportReporter -->
<testsuite skipped="0" hostname="DESKTOP-0CQ8PV8" name="com.urbanladder.runner.TestRunner" tests="22" failures="0" timestamp="2021-09-27T14:55:21 IST" time="78.980" errors="1">
  <testcase name="endSuite" time="2.429" classname="com.urbanladder.runner.TestRunner">
    <error type="java.lang.NullPointerException">
      <![CDATA[java.lang.NullPointerException
at javax.activation.FileDataSource.getName(FileDataSource.java:139)
at javax.mail.internet.MimeBodyPart.attachFile(MimeBodyPart.java:841)
at com.urbanladder.utility.SendEmail.sendMail(SendEmail.java:85)
at com.urbanladder.runner.TestRunner.endSuite(TestRunner.java:213)
at sun.reflect.NativeMethodAccessorImpl.invoke0(Native Method)
at sun.reflect.NativeMethodAccessorImpl.invoke(NativeMethodAccessorImpl.java:62)
at sun.reflect.DelegatingMethodAccessorImpl.invoke(DelegatingMethodAccessorImpl.java:43)
at java.lang.reflect.Method.invoke(Method.java:498)
at org.testng.internal.MethodInvocationHelper.invokeMethod(MethodInvocationHelper.java:133)
at org.testng.internal.MethodInvocationHelper.invokeMethodConsideringTimeout(MethodInvocationHelper.java:62)
at org.testng.internal.ConfigInvoker.invokeConfigurationMethod(ConfigInvoker.java:385)
at org.testng.internal.ConfigInvoker.invokeConfigurations(ConfigInvoker.java:321)
at org.testng.SuiteRunner.privateRun(SuiteRunner.java:344)
at org.testng.SuiteRunner.run(SuiteRunner.java:276)
at org.testng.SuiteRunnerWorker.runSuite(SuiteRunnerWorker.java:53)
at org.testng.SuiteRunnerWorker.run(SuiteRunnerWorker.java:96)
at org.testng.TestNG.runSuitesSequentially(TestNG.java:1212)
at org.testng.TestNG.runSuitesLocally(TestNG.java:1134)
at org.testng.TestNG.runSuites(TestNG.java:1063)
at org.testng.TestNG.run(TestNG.java:1031)
at org.testng.remote.AbstractRemoteTestNG.run(AbstractRemoteTestNG.java:115)
at org.testng.remote.RemoteTestNG.initAndRun(RemoteTestNG.java:251)
at org.testng.remote.RemoteTestNG.main(RemoteTestNG.java:77)
]]>
    </error>
  </testcase> <!-- endSuite -->
  <system-out/>
  <testcase name="signUp" time="1.627" classname="com.urbanladder.runner.TestRunner"/>
  <system-out/>
  <testcase name="login" time="2.574" classname="com.urbanladder.runner.TestRunner"/>
  <system-out/>
  <testcase name="help" time="0.597" classname="com.urbanladder.runner.TestRunner"/>
  <system-out/>
  <testcase name="sale" time="3.321" classname="com.urbanladder.runner.TestRunner"/>
  <system-out/>
  <testcase name="living" time="3.560" classname="com.urbanladder.runner.TestRunner"/>
  <system-out/>
  <testcase name="bedroom" time="3.214" classname="com.urbanladder.runner.TestRunner"/>
  <system-out/>
  <testcase name="searchProduct" time="2.527" classname="com.urbanladder.runner.TestRunner"/>
  <system-out/>
  <testcase name="searchProduct" time="2.376" classname="com.urbanladder.runner.TestRunner"/>
  <system-out/>
  <testcase name="searchProduct" time="2.211" classname="com.urbanladder.runner.TestRunner"/>
  <system-out/>
  <testcase name="searchProduct" time="2.161" classname="com.urbanladder.runner.TestRunner"/>
  <system-out/>
  <testcase name="selectProduct" time="3.649" classname="com.urbanladder.runner.TestRunner"/>
  <system-out/>
  <testcase name="addToCart" time="3.686" classname="com.urbanladder.runner.TestRunner"/>
  <system-out/>
  <testcase name="checkout" time="2.858" classname="com.urbanladder.runner.TestRunner"/>
  <system-out/>
  <testcase name="stores" time="3.867" classname="com.urbanladder.runner.TestRunner"/>
  <system-out/>
  <testcase name="giftCards" time="1.294" classname="com.urbanladder.runner.TestRunner"/>
  <system-out/>
  <testcase name="socialMedia" time="5.238" classname="com.urbanladder.runner.TestRunner"/>
  <system-out/>
  <testcase name="socialMedia" time="5.280" classname="com.urbanladder.runner.TestRunner"/>
  <system-out/>
  <testcase name="socialMedia" time="5.279" classname="com.urbanladder.runner.TestRunner"/>
  <system-out/>
  <testcase name="socialMedia" time="5.263" classname="com.urbanladder.runner.TestRunner"/>
  <system-out/>
  <testcase name="socialMedia" time="8.587" classname="com.urbanladder.runner.TestRunner"/>
  <system-out/>
  <testcase name="socialMedia" time="7.382" classname="com.urbanladder.runner.TestRunner"/>
  <system-out/>
</testsuite> <!-- com.urbanladder.runner.TestRunner -->
