<?xml version="1.0" encoding="UTF-8"?>
<!-- Generated by org.testng.reporters.JUnitReportReporter -->
<testsuite skipped="0" hostname="DESKTOP-0CQ8PV8" name="com.urbanladder.runner.TestRunner" tests="15" failures="0" timestamp="2021-09-26T12:12:01 IST" time="63.404" errors="0">
  <testcase name="signUp" time="3.065" classname="com.urbanladder.runner.TestRunner"/>
  <system-out/>
  <testcase name="login" time="3.378" classname="com.urbanladder.runner.TestRunner"/>
  <system-out/>
  <testcase name="help" time="0.469" classname="com.urbanladder.runner.TestRunner"/>
  <system-out/>
  <testcase name="sale" time="3.702" classname="com.urbanladder.runner.TestRunner"/>
  <system-out/>
  <testcase name="living" time="3.561" classname="com.urbanladder.runner.TestRunner"/>
  <system-out/>
  <testcase name="bedroom" time="3.405" classname="com.urbanladder.runner.TestRunner"/>
  <system-out/>
  <testcase name="searchProduct" time="3.861" classname="com.urbanladder.runner.TestRunner"/>
  <system-out/>
  <testcase name="searchProduct" time="3.923" classname="com.urbanladder.runner.TestRunner"/>
  <system-out/>
  <testcase name="searchProduct" time="3.772" classname="com.urbanladder.runner.TestRunner"/>
  <system-out/>
  <testcase name="searchProduct" time="4.211" classname="com.urbanladder.runner.TestRunner"/>
  <system-out/>
  <testcase name="selectProduct" time="5.229" classname="com.urbanladder.runner.TestRunner"/>
  <system-out/>
  <testcase name="addToCart" time="4.504" classname="com.urbanladder.runner.TestRunner"/>
  <system-out/>
  <testcase name="checkout" time="4.434" classname="com.urbanladder.runner.TestRunner"/>
  <system-out/>
  <testcase name="stores" time="14.086" classname="com.urbanladder.runner.TestRunner"/>
  <system-out/>
  <testcase name="giftCards" time="1.804" classname="com.urbanladder.runner.TestRunner"/>
  <system-out/>
</testsuite> <!-- com.urbanladder.runner.TestRunner -->
